[debug] [2018-12-14T05:08:10.301Z] ----------------------------------------------------------------------
[debug] [2018-12-14T05:08:10.305Z] Command:       C:\Program Files\nodejs\node.exe C:\Users\Hiroyuki\AppData\Roaming\npm\node_modules\firebase-tools\lib\bin\firebase.js init
[debug] [2018-12-14T05:08:10.305Z] CLI Version:   6.1.2
[debug] [2018-12-14T05:08:10.305Z] Platform:      win32
[debug] [2018-12-14T05:08:10.305Z] Node Version:  v8.9.4
[debug] [2018-12-14T05:08:10.306Z] Time:          Thu Dec 13 2018 21:08:10 GMT-0800 (Pacific Standard Time)
[debug] [2018-12-14T05:08:10.306Z] ----------------------------------------------------------------------
[debug] 
[debug] [2018-12-14T05:08:10.318Z] > command requires scopes: ["email","openid","https://www.googleapis.com/auth/cloudplatformprojects.readonly","https://www.googleapis.com/auth/firebase","https://www.googleapis.com/auth/cloud-platform"]
[debug] [2018-12-14T05:08:10.319Z] > authorizing via signed-in user
[info] 
     ######## #### ########  ######## ########     ###     ######  ########
     ##        ##  ##     ## ##       ##     ##  ##   ##  ##       ##
     ######    ##  ########  ######   ########  #########  ######  ######
     ##        ##  ##    ##  ##       ##     ## ##     ##       ## ##
     ##       #### ##     ## ######## ########  ##     ##  ######  ########

You're about to initialize a Firebase project in this directory:

  C:\Users\Hiroyuki\desktop\angular2018\projects\angular-intro-p1

Before we get started, keep in mind:

  * You are initializing in an existing Firebase project directory

[info] 
=== Project Setup
[info] 
[info] First, let's associate this project directory with a Firebase project.
[info] You can create multiple project aliases by running firebase use --add, 
[info] but for now we'll just set up a default project.
[info] 
[debug] [2018-12-14T05:08:22.718Z] >>> HTTP REQUEST GET https://firebase.googleapis.com/v1beta1/projects?page_size=100  
 
[debug] [2018-12-14T05:08:23.436Z] <<< HTTP RESPONSE 200
[info] 
=== Storage Setup
[info] 
[info] Firebase Storage Security Rules allow you to define how and when to allow
[info] uploads and downloads. You can keep these rules in your project directory
[info] and publish them with firebase deploy.
[info] 
[debug] [2018-12-14T05:08:46.940Z] Error: EISDIR: illegal operation on a directory, open 'C:\Users\Hiroyuki\desktop\angular2018\projects\angular-intro-p1\dist'
    at Object.fs.openSync (fs.js:646:18)
    at Object.fs.writeFileSync (fs.js:1291:33)
    at Config.writeProjectFile (C:\Users\Hiroyuki\AppData\Roaming\npm\node_modules\firebase-tools\lib\config.js:161:8)
    at C:\Users\Hiroyuki\AppData\Roaming\npm\node_modules\firebase-tools\lib\init\features\storage.js:22:23
    at <anonymous>
    at process._tickDomainCallback (internal/process/next_tick.js:228:7)
[error] 
[error] Error: An unexpected error has occurred.
[debug] [2018-12-14T05:09:01.604Z] ----------------------------------------------------------------------
[debug] [2018-12-14T05:09:01.607Z] Command:       C:\Program Files\nodejs\node.exe C:\Users\Hiroyuki\AppData\Roaming\npm\node_modules\firebase-tools\lib\bin\firebase.js init
[debug] [2018-12-14T05:09:01.608Z] CLI Version:   6.1.2
[debug] [2018-12-14T05:09:01.608Z] Platform:      win32
[debug] [2018-12-14T05:09:01.608Z] Node Version:  v8.9.4
[debug] [2018-12-14T05:09:01.608Z] Time:          Thu Dec 13 2018 21:09:01 GMT-0800 (Pacific Standard Time)
[debug] [2018-12-14T05:09:01.609Z] ----------------------------------------------------------------------
[debug] 
[debug] [2018-12-14T05:09:01.621Z] > command requires scopes: ["email","openid","https://www.googleapis.com/auth/cloudplatformprojects.readonly","https://www.googleapis.com/auth/firebase","https://www.googleapis.com/auth/cloud-platform"]
[debug] [2018-12-14T05:09:01.622Z] > authorizing via signed-in user
[info] 
     ######## #### ########  ######## ########     ###     ######  ########
     ##        ##  ##     ## ##       ##     ##  ##   ##  ##       ##
     ######    ##  ########  ######   ########  #########  ######  ######
     ##        ##  ##    ##  ##       ##     ## ##     ##       ## ##
     ##       #### ##     ## ######## ########  ##     ##  ######  ########

You're about to initialize a Firebase project in this directory:

  C:\Users\Hiroyuki\desktop\angular2018\projects\angular-intro-p1

Before we get started, keep in mind:

  * You are initializing in an existing Firebase project directory

[info] 
=== Project Setup
[info] 
[info] First, let's associate this project directory with a Firebase project.
[info] You can create multiple project aliases by running firebase use --add, 
[info] but for now we'll just set up a default project.
[info] 
[debug] [2018-12-14T05:09:12.133Z] >>> HTTP REQUEST GET https://firebase.googleapis.com/v1beta1/projects?page_size=100  
 
[debug] [2018-12-14T05:09:12.595Z] <<< HTTP RESPONSE 200
[info] 
=== Database Setup
[info] 
[info] Firebase Realtime Database Rules allow you to define how your data should be
[info] structured and when your data can be read from and written to.
[info] 
[debug] [2018-12-14T05:09:24.593Z] Error: EISDIR: illegal operation on a directory, open 'C:\Users\Hiroyuki\desktop\angular2018\projects\angular-intro-p1\dist'
    at Object.fs.openSync (fs.js:646:18)
    at Object.fs.writeFileSync (fs.js:1291:33)
    at Config.writeProjectFile (C:\Users\Hiroyuki\AppData\Roaming\npm\node_modules\firebase-tools\lib\config.js:161:8)
    at C:\Users\Hiroyuki\AppData\Roaming\npm\node_modules\firebase-tools\lib\init\features\database.js:25:23
    at <anonymous>
    at process._tickDomainCallback (internal/process/next_tick.js:228:7)
[error] 
[error] Error: An unexpected error has occurred.
